   1              		.cpu arm7tdmi
   2              		.fpu softvfp
   3              		.eabi_attribute 20, 1
   4              		.eabi_attribute 21, 1
   5              		.eabi_attribute 23, 3
   6              		.eabi_attribute 24, 1
   7              		.eabi_attribute 25, 1
   8              		.eabi_attribute 26, 1
   9              		.eabi_attribute 30, 6
  10              		.eabi_attribute 18, 4
  11              		.file	"iis.c"
  21              	.Ltext0:
  22              		.file 1 "../src/iis.c"
 1917              	iomode:
 1918 0000 00       		.space	1
 1919              		.text
 1920              		.align	2
 1921              		.global	iis_init
 1923              	iis_init:
 1924              	.LFB0:
   1:../src/iis.c  **** #include <s3c44b0x.h>
   2:../src/iis.c  **** #include <s3cev40.h>
   3:../src/iis.c  **** #include <iis.h>
   4:../src/iis.c  **** #include <dma.h>
   5:../src/iis.c  **** 
   6:../src/iis.c  **** /*cd C:\Users\DOSTATIC\Documents\PSyD\wav16b16K
   7:../src/iis.c  ****  source load_wav.txt
   8:../src/iis.c  **** */
   9:../src/iis.c  **** 
  10:../src/iis.c  **** static void isr_bdma0( void ) __attribute__ ((interrupt ("IRQ")));
  11:../src/iis.c  **** 
  12:../src/iis.c  **** static uint8 iomode;
  13:../src/iis.c  **** 
  14:../src/iis.c  **** void iis_init( uint8 mode )
  15:../src/iis.c  **** {
 1925              		.loc 1 15 0
 1926              		.cfi_startproc
 1927              		@ Function supports interworking.
 1928              		@ args = 0, pretend = 0, frame = 8
 1929              		@ frame_needed = 1, uses_anonymous_args = 0
 1930 0000 0DC0A0E1 		mov	ip, sp
 1931              	.LCFI0:
 1932              		.cfi_def_cfa_register 12
 1933 0004 00D82DE9 		stmfd	sp!, {fp, ip, lr, pc}
 1934 0008 04B04CE2 		sub	fp, ip, #4
 1935              		.cfi_offset 14, -8
 1936              		.cfi_offset 13, -12
 1937              		.cfi_offset 11, -16
 1938              	.LCFI1:
 1939              		.cfi_def_cfa 11, 4
 1940 000c 08D04DE2 		sub	sp, sp, #8
 1941 0010 0030A0E1 		mov	r3, r0
 1942 0014 0D304BE5 		strb	r3, [fp, #-13]
  16:../src/iis.c  ****     iomode = mode;
 1943              		.loc 1 16 0
 1944 0018 9C309FE5 		ldr	r3, .L4
 1945 001c 0D205BE5 		ldrb	r2, [fp, #-13]
 1946 0020 0020C3E5 		strb	r2, [r3, #0]
  17:../src/iis.c  **** 
  18:../src/iis.c  ****     if( iomode == IIS_POLLING )
 1947              		.loc 1 18 0
 1948 0024 90309FE5 		ldr	r3, .L4
 1949 0028 0030D3E5 		ldrb	r3, [r3, #0]	@ zero_extendqisi2
 1950 002c 020053E3 		cmp	r3, #2
 1951 0030 0B00001A 		bne	.L2
  19:../src/iis.c  ****     {
  20:../src/iis.c  ****         IISPSR  = 0x77;
 1952              		.loc 1 20 0
 1953 0034 84309FE5 		ldr	r3, .L4+4
 1954 0038 7720A0E3 		mov	r2, #119
 1955 003c 002083E5 		str	r2, [r3, #0]
  21:../src/iis.c  ****         IISMOD  = 0x0C9;
 1956              		.loc 1 21 0
 1957 0040 7C309FE5 		ldr	r3, .L4+8
 1958 0044 C920A0E3 		mov	r2, #201
 1959 0048 002083E5 		str	r2, [r3, #0]
  22:../src/iis.c  ****         IISFCON = 0x300;
 1960              		.loc 1 22 0
 1961 004c 74309FE5 		ldr	r3, .L4+12
 1962 0050 032CA0E3 		mov	r2, #768
 1963 0054 002083E5 		str	r2, [r3, #0]
  23:../src/iis.c  ****         IISCON  = 0x103;
 1964              		.loc 1 23 0
 1965 0058 6C309FE5 		ldr	r3, .L4+16
 1966 005c 6C209FE5 		ldr	r2, .L4+20
 1967 0060 002083E5 		str	r2, [r3, #0]
 1968              	.L2:
  24:../src/iis.c  ****     }
  25:../src/iis.c  ****     if( iomode == IIS_DMA )
 1969              		.loc 1 25 0
 1970 0064 50309FE5 		ldr	r3, .L4
 1971 0068 0030D3E5 		ldrb	r3, [r3, #0]	@ zero_extendqisi2
 1972 006c 010053E3 		cmp	r3, #1
 1973 0070 0E00001A 		bne	.L1
  26:../src/iis.c  ****     {
  27:../src/iis.c  ****         IISPSR  = 0x77;
 1974              		.loc 1 27 0
 1975 0074 44309FE5 		ldr	r3, .L4+4
 1976 0078 7720A0E3 		mov	r2, #119
 1977 007c 002083E5 		str	r2, [r3, #0]
  28:../src/iis.c  ****         IISMOD  = 0x009;
 1978              		.loc 1 28 0
 1979 0080 3C309FE5 		ldr	r3, .L4+8
 1980 0084 0920A0E3 		mov	r2, #9
 1981 0088 002083E5 		str	r2, [r3, #0]
  29:../src/iis.c  ****         IISFCON = 0xF00;
 1982              		.loc 1 29 0
 1983 008c 34309FE5 		ldr	r3, .L4+12
 1984 0090 0F2CA0E3 		mov	r2, #3840
 1985 0094 002083E5 		str	r2, [r3, #0]
  30:../src/iis.c  ****         IISCON  = 0x032;
 1986              		.loc 1 30 0
 1987 0098 2C309FE5 		ldr	r3, .L4+16
 1988 009c 3220A0E3 		mov	r2, #50
 1989 00a0 002083E5 		str	r2, [r3, #0]
  31:../src/iis.c  ****         bdma0_init();
 1990              		.loc 1 31 0
 1991 00a4 FEFFFFEB 		bl	bdma0_init
  32:../src/iis.c  ****         bdma0_open( isr_bdma0 );
 1992              		.loc 1 32 0
 1993 00a8 24009FE5 		ldr	r0, .L4+24
 1994 00ac FEFFFFEB 		bl	bdma0_open
 1995              	.L1:
  33:../src/iis.c  ****     }
  34:../src/iis.c  **** }
 1996              		.loc 1 34 0
 1997 00b0 0CD04BE2 		sub	sp, fp, #12
 1998 00b4 00689DE8 		ldmfd	sp, {fp, sp, lr}
 1999 00b8 1EFF2FE1 		bx	lr
 2000              	.L5:
 2001              		.align	2
 2002              	.L4:
 2003 00bc 00000000 		.word	iomode
 2004 00c0 0880D101 		.word	30507016
 2005 00c4 0480D101 		.word	30507012
 2006 00c8 0C80D101 		.word	30507020
 2007 00cc 0080D101 		.word	30507008
 2008 00d0 03010000 		.word	259
 2009 00d4 00000000 		.word	isr_bdma0
 2010              		.cfi_endproc
 2011              	.LFE0:
 2013              		.align	2
 2015              	isr_bdma0:
 2016              	.LFB1:
  35:../src/iis.c  **** 
  36:../src/iis.c  **** static void isr_bdma0( void )
  37:../src/iis.c  **** {
 2017              		.loc 1 37 0
 2018              		.cfi_startproc
 2019              		@ Interrupt Service Routine.
 2020              		@ args = 0, pretend = 0, frame = 0
 2021              		@ frame_needed = 1, uses_anonymous_args = 0
 2022 00d8 04C02DE5 		str	ip, [sp, #-4]!
 2023 00dc 0DC0A0E1 		mov	ip, sp
 2024              	.LCFI2:
 2025              		.cfi_def_cfa_register 12
 2026 00e0 0CD82DE9 		stmfd	sp!, {r2, r3, fp, ip, lr, pc}
 2027 00e4 04B04CE2 		sub	fp, ip, #4
 2028              		.cfi_offset 14, -8
 2029              		.cfi_offset 13, -12
 2030              		.cfi_offset 11, -16
 2031              		.cfi_offset 3, -20
 2032              		.cfi_offset 2, -24
 2033              	.LCFI3:
 2034              		.cfi_def_cfa 11, 4
  38:../src/iis.c  ****     IISCON &= ~1;
 2035              		.loc 1 38 0
 2036 00e8 28309FE5 		ldr	r3, .L7
 2037 00ec 24209FE5 		ldr	r2, .L7
 2038 00f0 002092E5 		ldr	r2, [r2, #0]
 2039 00f4 0120C2E3 		bic	r2, r2, #1
 2040 00f8 002083E5 		str	r2, [r3, #0]
  39:../src/iis.c  ****     I_ISPC = BIT_BDMA0; 
 2041              		.loc 1 39 0
 2042 00fc 18309FE5 		ldr	r3, .L7+4
 2043 0100 0228A0E3 		mov	r2, #131072
 2044 0104 002083E5 		str	r2, [r3, #0]
  40:../src/iis.c  **** }
 2045              		.loc 1 40 0
 2046 0108 14D04BE2 		sub	sp, fp, #20
 2047 010c 0C689DE8 		ldmfd	sp, {r2, r3, fp, sp, lr}
 2048 0110 04C09DE4 		ldmfd	sp!, {ip}
 2049 0114 04F05EE2 		subs	pc, lr, #4
 2050              	.L8:
 2051              		.align	2
 2052              	.L7:
 2053 0118 0080D101 		.word	30507008
 2054 011c 2400E001 		.word	31457316
 2055              		.cfi_endproc
 2056              	.LFE1:
 2058              		.align	2
 2059              		.global	iis_putSample
 2061              	iis_putSample:
 2062              	.LFB2:
  41:../src/iis.c  **** 
  42:../src/iis.c  **** inline void iis_putSample( int16 ch0, int16 ch1 )
  43:../src/iis.c  **** {
 2063              		.loc 1 43 0
 2064              		.cfi_startproc
 2065              		@ Function supports interworking.
 2066              		@ args = 0, pretend = 0, frame = 8
 2067              		@ frame_needed = 1, uses_anonymous_args = 0
 2068 0120 0DC0A0E1 		mov	ip, sp
 2069              	.LCFI4:
 2070              		.cfi_def_cfa_register 12
 2071 0124 00D82DE9 		stmfd	sp!, {fp, ip, lr, pc}
 2072 0128 04B04CE2 		sub	fp, ip, #4
 2073              		.cfi_offset 14, -8
 2074              		.cfi_offset 13, -12
 2075              		.cfi_offset 11, -16
 2076              	.LCFI5:
 2077              		.cfi_def_cfa 11, 4
 2078 012c 08D04DE2 		sub	sp, sp, #8
 2079 0130 0020A0E1 		mov	r2, r0
 2080 0134 0130A0E1 		mov	r3, r1
 2081 0138 BE204BE1 		strh	r2, [fp, #-14]	@ movhi
 2082 013c B0314BE1 		strh	r3, [fp, #-16]	@ movhi
  44:../src/iis.c  ****     while(((IISFCON) & (0xF << 4)) > (0x6 << 4)); //(mientras IISFCON[7:4] > 6)
 2083              		.loc 1 44 0
 2084 0140 0000A0E1 		mov	r0, r0	@ nop
 2085              	.L10:
 2086              		.loc 1 44 0 is_stmt 0 discriminator 1
 2087 0144 30309FE5 		ldr	r3, .L11
 2088 0148 003093E5 		ldr	r3, [r3, #0]
 2089 014c F03003E2 		and	r3, r3, #240
 2090 0150 600053E3 		cmp	r3, #96
 2091 0154 FAFFFF8A 		bhi	.L10
  45:../src/iis.c  ****     IISFIF = ch0;
 2092              		.loc 1 45 0 is_stmt 1
 2093 0158 20309FE5 		ldr	r3, .L11+4
 2094 015c FE205BE1 		ldrsh	r2, [fp, #-14]
 2095 0160 002083E5 		str	r2, [r3, #0]
  46:../src/iis.c  ****     IISFIF = ch1;
 2096              		.loc 1 46 0
 2097 0164 14309FE5 		ldr	r3, .L11+4
 2098 0168 F0215BE1 		ldrsh	r2, [fp, #-16]
 2099 016c 002083E5 		str	r2, [r3, #0]
  47:../src/iis.c  **** }
 2100              		.loc 1 47 0
 2101 0170 0CD04BE2 		sub	sp, fp, #12
 2102 0174 00689DE8 		ldmfd	sp, {fp, sp, lr}
 2103 0178 1EFF2FE1 		bx	lr
 2104              	.L12:
 2105              		.align	2
 2106              	.L11:
 2107 017c 0C80D101 		.word	30507020
 2108 0180 1080D101 		.word	30507024
 2109              		.cfi_endproc
 2110              	.LFE2:
 2112              		.align	2
 2113              		.global	iis_getSample
 2115              	iis_getSample:
 2116              	.LFB3:
  48:../src/iis.c  **** 
  49:../src/iis.c  **** inline void iis_getSample( int16 *ch0, int16 *ch1 )
  50:../src/iis.c  **** {
 2117              		.loc 1 50 0
 2118              		.cfi_startproc
 2119              		@ Function supports interworking.
 2120              		@ args = 0, pretend = 0, frame = 8
 2121              		@ frame_needed = 1, uses_anonymous_args = 0
 2122 0184 0DC0A0E1 		mov	ip, sp
 2123              	.LCFI6:
 2124              		.cfi_def_cfa_register 12
 2125 0188 00D82DE9 		stmfd	sp!, {fp, ip, lr, pc}
 2126 018c 04B04CE2 		sub	fp, ip, #4
 2127              		.cfi_offset 14, -8
 2128              		.cfi_offset 13, -12
 2129              		.cfi_offset 11, -16
 2130              	.LCFI7:
 2131              		.cfi_def_cfa 11, 4
 2132 0190 08D04DE2 		sub	sp, sp, #8
 2133 0194 10000BE5 		str	r0, [fp, #-16]
 2134 0198 14100BE5 		str	r1, [fp, #-20]
  51:../src/iis.c  **** 	while(((IISFCON) & (0xF)) < 0x2); //(mientras IISFCON[3:0] < 2)
 2135              		.loc 1 51 0
 2136 019c 0000A0E1 		mov	r0, r0	@ nop
 2137              	.L14:
 2138              		.loc 1 51 0 is_stmt 0 discriminator 1
 2139 01a0 48309FE5 		ldr	r3, .L15
 2140 01a4 003093E5 		ldr	r3, [r3, #0]
 2141 01a8 0F3003E2 		and	r3, r3, #15
 2142 01ac 010053E3 		cmp	r3, #1
 2143 01b0 FAFFFF9A 		bls	.L14
  52:../src/iis.c  **** 		*ch0 = IISFIF;
 2144              		.loc 1 52 0 is_stmt 1
 2145 01b4 38309FE5 		ldr	r3, .L15+4
 2146 01b8 003093E5 		ldr	r3, [r3, #0]
 2147 01bc 0338A0E1 		mov	r3, r3, asl #16
 2148 01c0 2328A0E1 		mov	r2, r3, lsr #16
 2149 01c4 10301BE5 		ldr	r3, [fp, #-16]
 2150 01c8 B020C3E1 		strh	r2, [r3, #0]	@ movhi
  53:../src/iis.c  **** 	    *ch1 = IISFIF;
 2151              		.loc 1 53 0
 2152 01cc 20309FE5 		ldr	r3, .L15+4
 2153 01d0 003093E5 		ldr	r3, [r3, #0]
 2154 01d4 0338A0E1 		mov	r3, r3, asl #16
 2155 01d8 2328A0E1 		mov	r2, r3, lsr #16
 2156 01dc 14301BE5 		ldr	r3, [fp, #-20]
 2157 01e0 B020C3E1 		strh	r2, [r3, #0]	@ movhi
  54:../src/iis.c  **** }
 2158              		.loc 1 54 0
 2159 01e4 0CD04BE2 		sub	sp, fp, #12
 2160 01e8 00689DE8 		ldmfd	sp, {fp, sp, lr}
 2161 01ec 1EFF2FE1 		bx	lr
 2162              	.L16:
 2163              		.align	2
 2164              	.L15:
 2165 01f0 0C80D101 		.word	30507020
 2166 01f4 1080D101 		.word	30507024
 2167              		.cfi_endproc
 2168              	.LFE3:
 2170              		.align	2
 2171              		.global	iis_play
 2173              	iis_play:
 2174              	.LFB4:
  55:../src/iis.c  **** 
  56:../src/iis.c  **** void iis_play( int16 *buffer, uint32 length, uint8 loop )
  57:../src/iis.c  **** {
 2175              		.loc 1 57 0
 2176              		.cfi_startproc
 2177              		@ Function supports interworking.
 2178              		@ args = 0, pretend = 0, frame = 24
 2179              		@ frame_needed = 1, uses_anonymous_args = 0
 2180 01f8 0DC0A0E1 		mov	ip, sp
 2181              	.LCFI8:
 2182              		.cfi_def_cfa_register 12
 2183 01fc 00D82DE9 		stmfd	sp!, {fp, ip, lr, pc}
 2184 0200 04B04CE2 		sub	fp, ip, #4
 2185              		.cfi_offset 14, -8
 2186              		.cfi_offset 13, -12
 2187              		.cfi_offset 11, -16
 2188              	.LCFI9:
 2189              		.cfi_def_cfa 11, 4
 2190 0204 18D04DE2 		sub	sp, sp, #24
 2191 0208 18000BE5 		str	r0, [fp, #-24]
 2192 020c 1C100BE5 		str	r1, [fp, #-28]
 2193 0210 0230A0E1 		mov	r3, r2
 2194 0214 1D304BE5 		strb	r3, [fp, #-29]
  58:../src/iis.c  ****     uint32 i;
  59:../src/iis.c  ****     int16 ch1, ch2;
  60:../src/iis.c  **** 
  61:../src/iis.c  ****     if( iomode == IIS_POLLING ){
 2195              		.loc 1 61 0
 2196 0218 70319FE5 		ldr	r3, .L25
 2197 021c 0030D3E5 		ldrb	r3, [r3, #0]	@ zero_extendqisi2
 2198 0220 020053E3 		cmp	r3, #2
 2199 0224 1E00001A 		bne	.L18
  62:../src/iis.c  ****         for( i=0; i<length/2; )
 2200              		.loc 1 62 0
 2201 0228 0030A0E3 		mov	r3, #0
 2202 022c 10300BE5 		str	r3, [fp, #-16]
 2203 0230 160000EA 		b	.L19
 2204              	.L20:
  63:../src/iis.c  ****         {
  64:../src/iis.c  ****             ch1 = buffer[i++];
 2205              		.loc 1 64 0
 2206 0234 10301BE5 		ldr	r3, [fp, #-16]
 2207 0238 8330A0E1 		mov	r3, r3, asl #1
 2208 023c 18201BE5 		ldr	r2, [fp, #-24]
 2209 0240 033082E0 		add	r3, r2, r3
 2210 0244 B030D3E1 		ldrh	r3, [r3, #0]	@ movhi
 2211 0248 B2314BE1 		strh	r3, [fp, #-18]	@ movhi
 2212 024c 10301BE5 		ldr	r3, [fp, #-16]
 2213 0250 013083E2 		add	r3, r3, #1
 2214 0254 10300BE5 		str	r3, [fp, #-16]
  65:../src/iis.c  ****             ch2 = buffer[i++];
 2215              		.loc 1 65 0
 2216 0258 10301BE5 		ldr	r3, [fp, #-16]
 2217 025c 8330A0E1 		mov	r3, r3, asl #1
 2218 0260 18201BE5 		ldr	r2, [fp, #-24]
 2219 0264 033082E0 		add	r3, r2, r3
 2220 0268 B030D3E1 		ldrh	r3, [r3, #0]	@ movhi
 2221 026c B4314BE1 		strh	r3, [fp, #-20]	@ movhi
 2222 0270 10301BE5 		ldr	r3, [fp, #-16]
 2223 0274 013083E2 		add	r3, r3, #1
 2224 0278 10300BE5 		str	r3, [fp, #-16]
  66:../src/iis.c  ****             iis_putSample( ch1, ch2 );
 2225              		.loc 1 66 0
 2226 027c F2215BE1 		ldrsh	r2, [fp, #-18]
 2227 0280 F4315BE1 		ldrsh	r3, [fp, #-20]
 2228 0284 0200A0E1 		mov	r0, r2
 2229 0288 0310A0E1 		mov	r1, r3
 2230 028c FEFFFFEB 		bl	iis_putSample
 2231              	.L19:
  62:../src/iis.c  ****         for( i=0; i<length/2; )
 2232              		.loc 1 62 0 discriminator 1
 2233 0290 1C301BE5 		ldr	r3, [fp, #-28]
 2234 0294 A320A0E1 		mov	r2, r3, lsr #1
 2235 0298 10301BE5 		ldr	r3, [fp, #-16]
 2236 029c 030052E1 		cmp	r2, r3
 2237 02a0 E3FFFF8A 		bhi	.L20
 2238              	.L18:
  67:../src/iis.c  ****         }
  68:../src/iis.c  ****     }
  69:../src/iis.c  ****     if( iomode == IIS_DMA ){
 2239              		.loc 1 69 0
 2240 02a4 E4309FE5 		ldr	r3, .L25
 2241 02a8 0030D3E5 		ldrb	r3, [r3, #0]	@ zero_extendqisi2
 2242 02ac 010053E3 		cmp	r3, #1
 2243 02b0 3300001A 		bne	.L17
  70:../src/iis.c  ****     	while(IISCON & 1);
 2244              		.loc 1 70 0
 2245 02b4 0000A0E1 		mov	r0, r0	@ nop
 2246              	.L22:
 2247              		.loc 1 70 0 is_stmt 0 discriminator 1
 2248 02b8 D4309FE5 		ldr	r3, .L25+4
 2249 02bc 003093E5 		ldr	r3, [r3, #0]
 2250 02c0 013003E2 		and	r3, r3, #1
 2251 02c4 FF3003E2 		and	r3, r3, #255
 2252 02c8 000053E3 		cmp	r3, #0
 2253 02cc F9FFFF1A 		bne	.L22
  71:../src/iis.c  ****     			BDISRC0  = (1 << 30) | (1 << 28) | (uint32) buffer;
 2254              		.loc 1 71 0 is_stmt 1
 2255 02d0 C0309FE5 		ldr	r3, .L25+8
 2256 02d4 18201BE5 		ldr	r2, [fp, #-24]
 2257 02d8 052282E3 		orr	r2, r2, #1342177280
 2258 02dc 002083E5 		str	r2, [r3, #0]
  72:../src/iis.c  ****     	        BDIDES0  = (1 << 30) | (3 << 28) | (uint32) &IISFIF;
 2259              		.loc 1 72 0
 2260 02e0 B4309FE5 		ldr	r3, .L25+12
 2261 02e4 B4209FE5 		ldr	r2, .L25+16
 2262 02e8 002083E5 		str	r2, [r3, #0]
  73:../src/iis.c  ****     	        BDCON0   = 0;
 2263              		.loc 1 73 0
 2264 02ec 7E37A0E3 		mov	r3, #33030144
 2265 02f0 0020A0E3 		mov	r2, #0
 2266 02f4 002083E5 		str	r2, [r3, #0]
  74:../src/iis.c  ****     	        BDICNT0  = (1 << 30) | (1 << 26) | (3 << 22) | (0xfffff & length);
 2267              		.loc 1 74 0
 2268 02f8 A4209FE5 		ldr	r2, .L25+20
 2269 02fc 1C301BE5 		ldr	r3, [fp, #-28]
 2270 0300 FF34C3E3 		bic	r3, r3, #-16777216
 2271 0304 0F36C3E3 		bic	r3, r3, #15728640
 2272 0308 113383E3 		orr	r3, r3, #1140850688
 2273 030c 033583E3 		orr	r3, r3, #12582912
 2274 0310 003082E5 		str	r3, [r2, #0]
  75:../src/iis.c  ****     	        BDICNT0 |= (1 << 20);
 2275              		.loc 1 75 0
 2276 0314 88309FE5 		ldr	r3, .L25+20
 2277 0318 84209FE5 		ldr	r2, .L25+20
 2278 031c 002092E5 		ldr	r2, [r2, #0]
 2279 0320 012682E3 		orr	r2, r2, #1048576
 2280 0324 002083E5 		str	r2, [r3, #0]
  76:../src/iis.c  ****     	        if (loop){
 2281              		.loc 1 76 0
 2282 0328 1D305BE5 		ldrb	r3, [fp, #-29]	@ zero_extendqisi2
 2283 032c 000053E3 		cmp	r3, #0
 2284 0330 0600000A 		beq	.L23
  77:../src/iis.c  ****     	        	BDICNT0 |= (1 << 21);
 2285              		.loc 1 77 0
 2286 0334 68309FE5 		ldr	r3, .L25+20
 2287 0338 64209FE5 		ldr	r2, .L25+20
 2288 033c 002092E5 		ldr	r2, [r2, #0]
 2289 0340 022682E3 		orr	r2, r2, #2097152
 2290 0344 002083E5 		str	r2, [r3, #0]
  78:../src/iis.c  ****     	        	bdma0_close();
 2291              		.loc 1 78 0
 2292 0348 FEFFFFEB 		bl	bdma0_close
 2293 034c 060000EA 		b	.L24
 2294              	.L23:
  79:../src/iis.c  ****     	        }
  80:../src/iis.c  ****     	        else{
  81:../src/iis.c  ****     	        	BDICNT0 &= ~(1 << 21);
 2295              		.loc 1 81 0
 2296 0350 4C309FE5 		ldr	r3, .L25+20
 2297 0354 48209FE5 		ldr	r2, .L25+20
 2298 0358 002092E5 		ldr	r2, [r2, #0]
 2299 035c 0226C2E3 		bic	r2, r2, #2097152
 2300 0360 002083E5 		str	r2, [r3, #0]
  82:../src/iis.c  ****     	        	bdma0_open(isr_bdma0);
 2301              		.loc 1 82 0
 2302 0364 3C009FE5 		ldr	r0, .L25+24
 2303 0368 FEFFFFEB 		bl	bdma0_open
 2304              	.L24:
  83:../src/iis.c  ****     	        }
  84:../src/iis.c  **** 
  85:../src/iis.c  ****     	        //IISMOD = (IISMOD & ~(3 << 6)) | (2 << 6); //0x089
  86:../src/iis.c  ****     	        IISMOD = 0x089;
 2305              		.loc 1 86 0
 2306 036c 38309FE5 		ldr	r3, .L25+28
 2307 0370 8920A0E3 		mov	r2, #137
 2308 0374 002083E5 		str	r2, [r3, #0]
  87:../src/iis.c  ****     	        IISCON = 0x0A3;
 2309              		.loc 1 87 0
 2310 0378 14309FE5 		ldr	r3, .L25+4
 2311 037c A320A0E3 		mov	r2, #163
 2312 0380 002083E5 		str	r2, [r3, #0]
 2313              	.L17:
  88:../src/iis.c  ****     }
  89:../src/iis.c  **** }
 2314              		.loc 1 89 0
 2315 0384 0CD04BE2 		sub	sp, fp, #12
 2316 0388 00689DE8 		ldmfd	sp, {fp, sp, lr}
 2317 038c 1EFF2FE1 		bx	lr
 2318              	.L26:
 2319              		.align	2
 2320              	.L25:
 2321 0390 00000000 		.word	iomode
 2322 0394 0080D101 		.word	30507008
 2323 0398 0400F801 		.word	33030148
 2324 039c 0800F801 		.word	33030152
 2325 03a0 1080D171 		.word	1909555216
 2326 03a4 0C00F801 		.word	33030156
 2327 03a8 00000000 		.word	isr_bdma0
 2328 03ac 0480D101 		.word	30507012
 2329              		.cfi_endproc
 2330              	.LFE4:
 2332              		.align	2
 2333              		.global	iis_rec
 2335              	iis_rec:
 2336              	.LFB5:
  90:../src/iis.c  **** 
  91:../src/iis.c  **** void iis_rec( int16 *buffer, uint32 length )
  92:../src/iis.c  **** {
 2337              		.loc 1 92 0
 2338              		.cfi_startproc
 2339              		@ Function supports interworking.
 2340              		@ args = 0, pretend = 0, frame = 16
 2341              		@ frame_needed = 1, uses_anonymous_args = 0
 2342 03b0 0DC0A0E1 		mov	ip, sp
 2343              	.LCFI10:
 2344              		.cfi_def_cfa_register 12
 2345 03b4 00D82DE9 		stmfd	sp!, {fp, ip, lr, pc}
 2346 03b8 04B04CE2 		sub	fp, ip, #4
 2347              		.cfi_offset 14, -8
 2348              		.cfi_offset 13, -12
 2349              		.cfi_offset 11, -16
 2350              	.LCFI11:
 2351              		.cfi_def_cfa 11, 4
 2352 03bc 10D04DE2 		sub	sp, sp, #16
 2353 03c0 18000BE5 		str	r0, [fp, #-24]
 2354 03c4 1C100BE5 		str	r1, [fp, #-28]
  93:../src/iis.c  ****     uint32 i;
  94:../src/iis.c  ****     int16 ch1, ch2;
  95:../src/iis.c  **** 
  96:../src/iis.c  ****     if( iomode == IIS_POLLING ){
 2355              		.loc 1 96 0
 2356 03c8 2C319FE5 		ldr	r3, .L33
 2357 03cc 0030D3E5 		ldrb	r3, [r3, #0]	@ zero_extendqisi2
 2358 03d0 020053E3 		cmp	r3, #2
 2359 03d4 1E00001A 		bne	.L28
  97:../src/iis.c  ****         for (i = 0; i < length / 2;){
 2360              		.loc 1 97 0
 2361 03d8 0030A0E3 		mov	r3, #0
 2362 03dc 10300BE5 		str	r3, [fp, #-16]
 2363 03e0 160000EA 		b	.L29
 2364              	.L30:
  98:../src/iis.c  ****         	iis_getSample(&ch1, &ch2);
 2365              		.loc 1 98 0
 2366 03e4 12204BE2 		sub	r2, fp, #18
 2367 03e8 14304BE2 		sub	r3, fp, #20
 2368 03ec 0200A0E1 		mov	r0, r2
 2369 03f0 0310A0E1 		mov	r1, r3
 2370 03f4 FEFFFFEB 		bl	iis_getSample
  99:../src/iis.c  ****         	buffer[++i] = ch1;
 2371              		.loc 1 99 0
 2372 03f8 10301BE5 		ldr	r3, [fp, #-16]
 2373 03fc 013083E2 		add	r3, r3, #1
 2374 0400 10300BE5 		str	r3, [fp, #-16]
 2375 0404 10301BE5 		ldr	r3, [fp, #-16]
 2376 0408 8330A0E1 		mov	r3, r3, asl #1
 2377 040c 18201BE5 		ldr	r2, [fp, #-24]
 2378 0410 033082E0 		add	r3, r2, r3
 2379 0414 B2215BE1 		ldrh	r2, [fp, #-18]
 2380 0418 B020C3E1 		strh	r2, [r3, #0]	@ movhi
 100:../src/iis.c  ****         	buffer[++i] = ch2;
 2381              		.loc 1 100 0
 2382 041c 10301BE5 		ldr	r3, [fp, #-16]
 2383 0420 013083E2 		add	r3, r3, #1
 2384 0424 10300BE5 		str	r3, [fp, #-16]
 2385 0428 10301BE5 		ldr	r3, [fp, #-16]
 2386 042c 8330A0E1 		mov	r3, r3, asl #1
 2387 0430 18201BE5 		ldr	r2, [fp, #-24]
 2388 0434 033082E0 		add	r3, r2, r3
 2389 0438 B4215BE1 		ldrh	r2, [fp, #-20]
 2390 043c B020C3E1 		strh	r2, [r3, #0]	@ movhi
 2391              	.L29:
  97:../src/iis.c  ****         for (i = 0; i < length / 2;){
 2392              		.loc 1 97 0 discriminator 1
 2393 0440 1C301BE5 		ldr	r3, [fp, #-28]
 2394 0444 A320A0E1 		mov	r2, r3, lsr #1
 2395 0448 10301BE5 		ldr	r3, [fp, #-16]
 2396 044c 030052E1 		cmp	r2, r3
 2397 0450 E3FFFF8A 		bhi	.L30
 2398              	.L28:
 101:../src/iis.c  ****         }
 102:../src/iis.c  ****     }
 103:../src/iis.c  ****     if( iomode == IIS_DMA )
 2399              		.loc 1 103 0
 2400 0454 A0309FE5 		ldr	r3, .L33
 2401 0458 0030D3E5 		ldrb	r3, [r3, #0]	@ zero_extendqisi2
 2402 045c 010053E3 		cmp	r3, #1
 2403 0460 2200001A 		bne	.L27
 104:../src/iis.c  ****     {
 105:../src/iis.c  ****         while( IISCON & 1  );
 2404              		.loc 1 105 0
 2405 0464 0000A0E1 		mov	r0, r0	@ nop
 2406              	.L32:
 2407              		.loc 1 105 0 is_stmt 0 discriminator 1
 2408 0468 90309FE5 		ldr	r3, .L33+4
 2409 046c 003093E5 		ldr	r3, [r3, #0]
 2410 0470 013003E2 		and	r3, r3, #1
 2411 0474 FF3003E2 		and	r3, r3, #255
 2412 0478 000053E3 		cmp	r3, #0
 2413 047c F9FFFF1A 		bne	.L32
 106:../src/iis.c  ****         BDISRC0  = (1 << 30) | (3 << 28) | (uint32) &IISFIF;
 2414              		.loc 1 106 0 is_stmt 1
 2415 0480 7C309FE5 		ldr	r3, .L33+8
 2416 0484 7C209FE5 		ldr	r2, .L33+12
 2417 0488 002083E5 		str	r2, [r3, #0]
 107:../src/iis.c  ****         BDIDES0  = (2 << 30) | (1 << 28) | (uint32) buffer;      
 2418              		.loc 1 107 0
 2419 048c 78309FE5 		ldr	r3, .L33+16
 2420 0490 18201BE5 		ldr	r2, [fp, #-24]
 2421 0494 092282E3 		orr	r2, r2, #-1879048192
 2422 0498 002083E5 		str	r2, [r3, #0]
 108:../src/iis.c  ****         BDCON0   = 0;
 2423              		.loc 1 108 0
 2424 049c 7E37A0E3 		mov	r3, #33030144
 2425 04a0 0020A0E3 		mov	r2, #0
 2426 04a4 002083E5 		str	r2, [r3, #0]
 109:../src/iis.c  ****         BDICNT0  = (1 << 30) | (1 << 26) | (3 << 22) | (0xfffff & length); 
 2427              		.loc 1 109 0
 2428 04a8 60209FE5 		ldr	r2, .L33+20
 2429 04ac 1C301BE5 		ldr	r3, [fp, #-28]
 2430 04b0 FF34C3E3 		bic	r3, r3, #-16777216
 2431 04b4 0F36C3E3 		bic	r3, r3, #15728640
 2432 04b8 113383E3 		orr	r3, r3, #1140850688
 2433 04bc 033583E3 		orr	r3, r3, #12582912
 2434 04c0 003082E5 		str	r3, [r2, #0]
 110:../src/iis.c  ****         BDICNT0 |= (1 << 20);
 2435              		.loc 1 110 0
 2436 04c4 44309FE5 		ldr	r3, .L33+20
 2437 04c8 40209FE5 		ldr	r2, .L33+20
 2438 04cc 002092E5 		ldr	r2, [r2, #0]
 2439 04d0 012682E3 		orr	r2, r2, #1048576
 2440 04d4 002083E5 		str	r2, [r3, #0]
 111:../src/iis.c  **** 
 112:../src/iis.c  ****         //IISMOD  = (IISMOD & ~(3 << 6)) | (1 << 6); //0x049
 113:../src/iis.c  ****         IISMOD = 0x049;
 2441              		.loc 1 113 0
 2442 04d8 34309FE5 		ldr	r3, .L33+24
 2443 04dc 4920A0E3 		mov	r2, #73
 2444 04e0 002083E5 		str	r2, [r3, #0]
 114:../src/iis.c  ****         IISCON = 0x053;
 2445              		.loc 1 114 0
 2446 04e4 14309FE5 		ldr	r3, .L33+4
 2447 04e8 5320A0E3 		mov	r2, #83
 2448 04ec 002083E5 		str	r2, [r3, #0]
 2449              	.L27:
 115:../src/iis.c  ****         //IISCON  |= (1 << 4);
 116:../src/iis.c  ****     }
 117:../src/iis.c  **** }
 2450              		.loc 1 117 0
 2451 04f0 0CD04BE2 		sub	sp, fp, #12
 2452 04f4 00689DE8 		ldmfd	sp, {fp, sp, lr}
 2453 04f8 1EFF2FE1 		bx	lr
 2454              	.L34:
 2455              		.align	2
 2456              	.L33:
 2457 04fc 00000000 		.word	iomode
 2458 0500 0080D101 		.word	30507008
 2459 0504 0400F801 		.word	33030148
 2460 0508 1080D171 		.word	1909555216
 2461 050c 0800F801 		.word	33030152
 2462 0510 0C00F801 		.word	33030156
 2463 0514 0480D101 		.word	30507012
 2464              		.cfi_endproc
 2465              	.LFE5:
 2467              		.align	2
 2468              		.global	iis_pause
 2470              	iis_pause:
 2471              	.LFB6:
 118:../src/iis.c  **** 
 119:../src/iis.c  **** void iis_pause( void )
 120:../src/iis.c  **** {
 2472              		.loc 1 120 0
 2473              		.cfi_startproc
 2474              		@ Function supports interworking.
 2475              		@ args = 0, pretend = 0, frame = 0
 2476              		@ frame_needed = 1, uses_anonymous_args = 0
 2477 0518 0DC0A0E1 		mov	ip, sp
 2478              	.LCFI12:
 2479              		.cfi_def_cfa_register 12
 2480 051c 00D82DE9 		stmfd	sp!, {fp, ip, lr, pc}
 2481 0520 04B04CE2 		sub	fp, ip, #4
 2482              		.cfi_offset 14, -8
 2483              		.cfi_offset 13, -12
 2484              		.cfi_offset 11, -16
 2485              	.LCFI13:
 2486              		.cfi_def_cfa 11, 4
 121:../src/iis.c  **** 	IISCON &= ~(1 << 0);
 2487              		.loc 1 121 0
 2488 0524 40309FE5 		ldr	r3, .L36
 2489 0528 3C209FE5 		ldr	r2, .L36
 2490 052c 002092E5 		ldr	r2, [r2, #0]
 2491 0530 0120C2E3 		bic	r2, r2, #1
 2492 0534 002083E5 		str	r2, [r3, #0]
 122:../src/iis.c  ****     IISCON &= ~(1 << 5);
 2493              		.loc 1 122 0
 2494 0538 2C309FE5 		ldr	r3, .L36
 2495 053c 28209FE5 		ldr	r2, .L36
 2496 0540 002092E5 		ldr	r2, [r2, #0]
 2497 0544 2020C2E3 		bic	r2, r2, #32
 2498 0548 002083E5 		str	r2, [r3, #0]
 123:../src/iis.c  ****     IISCON &= ~(1 << 4);
 2499              		.loc 1 123 0
 2500 054c 18309FE5 		ldr	r3, .L36
 2501 0550 14209FE5 		ldr	r2, .L36
 2502 0554 002092E5 		ldr	r2, [r2, #0]
 2503 0558 1020C2E3 		bic	r2, r2, #16
 2504 055c 002083E5 		str	r2, [r3, #0]
 124:../src/iis.c  **** }
 2505              		.loc 1 124 0
 2506 0560 0CD04BE2 		sub	sp, fp, #12
 2507 0564 00689DE8 		ldmfd	sp, {fp, sp, lr}
 2508 0568 1EFF2FE1 		bx	lr
 2509              	.L37:
 2510              		.align	2
 2511              	.L36:
 2512 056c 0080D101 		.word	30507008
 2513              		.cfi_endproc
 2514              	.LFE6:
 2516              		.align	2
 2517              		.global	iis_continue
 2519              	iis_continue:
 2520              	.LFB7:
 125:../src/iis.c  **** 
 126:../src/iis.c  **** void iis_continue( void )
 127:../src/iis.c  **** {
 2521              		.loc 1 127 0
 2522              		.cfi_startproc
 2523              		@ Function supports interworking.
 2524              		@ args = 0, pretend = 0, frame = 0
 2525              		@ frame_needed = 1, uses_anonymous_args = 0
 2526 0570 0DC0A0E1 		mov	ip, sp
 2527              	.LCFI14:
 2528              		.cfi_def_cfa_register 12
 2529 0574 00D82DE9 		stmfd	sp!, {fp, ip, lr, pc}
 2530 0578 04B04CE2 		sub	fp, ip, #4
 2531              		.cfi_offset 14, -8
 2532              		.cfi_offset 13, -12
 2533              		.cfi_offset 11, -16
 2534              	.LCFI15:
 2535              		.cfi_def_cfa 11, 4
 128:../src/iis.c  ****     IISCON = 0x0A3;
 2536              		.loc 1 128 0
 2537 057c 10309FE5 		ldr	r3, .L39
 2538 0580 A320A0E3 		mov	r2, #163
 2539 0584 002083E5 		str	r2, [r3, #0]
 129:../src/iis.c  **** }
 2540              		.loc 1 129 0
 2541 0588 0CD04BE2 		sub	sp, fp, #12
 2542 058c 00689DE8 		ldmfd	sp, {fp, sp, lr}
 2543 0590 1EFF2FE1 		bx	lr
 2544              	.L40:
 2545              		.align	2
 2546              	.L39:
 2547 0594 0080D101 		.word	30507008
 2548              		.cfi_endproc
 2549              	.LFE7:
 2551              		.align	2
 2552              		.global	iis_status
 2554              	iis_status:
 2555              	.LFB8:
 130:../src/iis.c  **** 
 131:../src/iis.c  **** uint8 iis_status( void )
 132:../src/iis.c  **** {
 2556              		.loc 1 132 0
 2557              		.cfi_startproc
 2558              		@ Function supports interworking.
 2559              		@ args = 0, pretend = 0, frame = 0
 2560              		@ frame_needed = 1, uses_anonymous_args = 0
 2561 0598 0DC0A0E1 		mov	ip, sp
 2562              	.LCFI16:
 2563              		.cfi_def_cfa_register 12
 2564 059c 00D82DE9 		stmfd	sp!, {fp, ip, lr, pc}
 2565 05a0 04B04CE2 		sub	fp, ip, #4
 2566              		.cfi_offset 14, -8
 2567              		.cfi_offset 13, -12
 2568              		.cfi_offset 11, -16
 2569              	.LCFI17:
 2570              		.cfi_def_cfa 11, 4
 133:../src/iis.c  ****     return (IISCON & 0x1);
 2571              		.loc 1 133 0
 2572 05a4 1C309FE5 		ldr	r3, .L42
 2573 05a8 003093E5 		ldr	r3, [r3, #0]
 2574 05ac FF3003E2 		and	r3, r3, #255
 2575 05b0 013003E2 		and	r3, r3, #1
 2576 05b4 FF3003E2 		and	r3, r3, #255
 134:../src/iis.c  **** }
 2577              		.loc 1 134 0
 2578 05b8 0300A0E1 		mov	r0, r3
 2579 05bc 0CD04BE2 		sub	sp, fp, #12
 2580 05c0 00689DE8 		ldmfd	sp, {fp, sp, lr}
 2581 05c4 1EFF2FE1 		bx	lr
 2582              	.L43:
 2583              		.align	2
 2584              	.L42:
 2585 05c8 0080D101 		.word	30507008
 2586              		.cfi_endproc
 2587              	.LFE8:
 2589              		.align	2
 2590              		.global	iis_playWawFile
 2592              	iis_playWawFile:
 2593              	.LFB9:
 135:../src/iis.c  **** 
 136:../src/iis.c  **** void iis_playWawFile( int16 *wav, uint8 loop )
 137:../src/iis.c  **** {
 2594              		.loc 1 137 0
 2595              		.cfi_startproc
 2596              		@ Function supports interworking.
 2597              		@ args = 0, pretend = 0, frame = 16
 2598              		@ frame_needed = 1, uses_anonymous_args = 0
 2599 05cc 0DC0A0E1 		mov	ip, sp
 2600              	.LCFI18:
 2601              		.cfi_def_cfa_register 12
 2602 05d0 00D82DE9 		stmfd	sp!, {fp, ip, lr, pc}
 2603 05d4 04B04CE2 		sub	fp, ip, #4
 2604              		.cfi_offset 14, -8
 2605              		.cfi_offset 13, -12
 2606              		.cfi_offset 11, -16
 2607              	.LCFI19:
 2608              		.cfi_def_cfa 11, 4
 2609 05d8 10D04DE2 		sub	sp, sp, #16
 2610 05dc 18000BE5 		str	r0, [fp, #-24]
 2611 05e0 0130A0E1 		mov	r3, r1
 2612 05e4 19304BE5 		strb	r3, [fp, #-25]
 138:../src/iis.c  **** 
 139:../src/iis.c  ****     uint32 size;
 140:../src/iis.c  ****     char *p;
 141:../src/iis.c  **** 
 142:../src/iis.c  ****     p = (char *) wav;
 2613              		.loc 1 142 0
 2614 05e8 18301BE5 		ldr	r3, [fp, #-24]
 2615 05ec 10300BE5 		str	r3, [fp, #-16]
 143:../src/iis.c  ****     while ( !(p[0] == 'd' && p[1] == 'a' && p[2] == 't' && p[3] == 'a') ) // busca el chunck data
 2616              		.loc 1 143 0
 2617 05f0 020000EA 		b	.L45
 2618              	.L46:
 144:../src/iis.c  ****         p++;
 2619              		.loc 1 144 0
 2620 05f4 10301BE5 		ldr	r3, [fp, #-16]
 2621 05f8 013083E2 		add	r3, r3, #1
 2622 05fc 10300BE5 		str	r3, [fp, #-16]
 2623              	.L45:
 143:../src/iis.c  ****     while ( !(p[0] == 'd' && p[1] == 'a' && p[2] == 't' && p[3] == 'a') ) // busca el chunck data
 2624              		.loc 1 143 0 discriminator 1
 2625 0600 10301BE5 		ldr	r3, [fp, #-16]
 2626 0604 0030D3E5 		ldrb	r3, [r3, #0]	@ zero_extendqisi2
 2627 0608 640053E3 		cmp	r3, #100
 2628 060c F8FFFF1A 		bne	.L46
 143:../src/iis.c  ****     while ( !(p[0] == 'd' && p[1] == 'a' && p[2] == 't' && p[3] == 'a') ) // busca el chunck data
 2629              		.loc 1 143 0 is_stmt 0 discriminator 2
 2630 0610 10301BE5 		ldr	r3, [fp, #-16]
 2631 0614 013083E2 		add	r3, r3, #1
 2632 0618 0030D3E5 		ldrb	r3, [r3, #0]	@ zero_extendqisi2
 2633 061c 610053E3 		cmp	r3, #97
 2634 0620 F3FFFF1A 		bne	.L46
 143:../src/iis.c  ****     while ( !(p[0] == 'd' && p[1] == 'a' && p[2] == 't' && p[3] == 'a') ) // busca el chunck data
 2635              		.loc 1 143 0 discriminator 1
 2636 0624 10301BE5 		ldr	r3, [fp, #-16]
 2637 0628 023083E2 		add	r3, r3, #2
 2638 062c 0030D3E5 		ldrb	r3, [r3, #0]	@ zero_extendqisi2
 2639 0630 740053E3 		cmp	r3, #116
 2640 0634 EEFFFF1A 		bne	.L46
 2641 0638 10301BE5 		ldr	r3, [fp, #-16]
 2642 063c 033083E2 		add	r3, r3, #3
 2643 0640 0030D3E5 		ldrb	r3, [r3, #0]	@ zero_extendqisi2
 2644 0644 610053E3 		cmp	r3, #97
 2645 0648 E9FFFF1A 		bne	.L46
 145:../src/iis.c  ****     p += 4;
 2646              		.loc 1 145 0 is_stmt 1
 2647 064c 10301BE5 		ldr	r3, [fp, #-16]
 2648 0650 043083E2 		add	r3, r3, #4
 2649 0654 10300BE5 		str	r3, [fp, #-16]
 146:../src/iis.c  **** 
 147:../src/iis.c  ****     size = p[0] + (p[1] << 8) + (p[2] << 16) + (p[3] << 24); // los datos de cabecera están en litt
 2650              		.loc 1 147 0
 2651 0658 10301BE5 		ldr	r3, [fp, #-16]
 2652 065c 0030D3E5 		ldrb	r3, [r3, #0]	@ zero_extendqisi2
 2653 0660 0320A0E1 		mov	r2, r3
 2654 0664 10301BE5 		ldr	r3, [fp, #-16]
 2655 0668 013083E2 		add	r3, r3, #1
 2656 066c 0030D3E5 		ldrb	r3, [r3, #0]	@ zero_extendqisi2
 2657 0670 0334A0E1 		mov	r3, r3, asl #8
 2658 0674 032082E0 		add	r2, r2, r3
 2659 0678 10301BE5 		ldr	r3, [fp, #-16]
 2660 067c 023083E2 		add	r3, r3, #2
 2661 0680 0030D3E5 		ldrb	r3, [r3, #0]	@ zero_extendqisi2
 2662 0684 0338A0E1 		mov	r3, r3, asl #16
 2663 0688 032082E0 		add	r2, r2, r3
 2664 068c 10301BE5 		ldr	r3, [fp, #-16]
 2665 0690 033083E2 		add	r3, r3, #3
 2666 0694 0030D3E5 		ldrb	r3, [r3, #0]	@ zero_extendqisi2
 2667 0698 033CA0E1 		mov	r3, r3, asl #24
 2668 069c 033082E0 		add	r3, r2, r3
 2669 06a0 14300BE5 		str	r3, [fp, #-20]
 148:../src/iis.c  ****     p += 4;
 2670              		.loc 1 148 0
 2671 06a4 10301BE5 		ldr	r3, [fp, #-16]
 2672 06a8 043083E2 		add	r3, r3, #4
 2673 06ac 10300BE5 		str	r3, [fp, #-16]
 149:../src/iis.c  **** 
 150:../src/iis.c  ****     iis_play( (int16 *)p, size, loop );
 2674              		.loc 1 150 0
 2675 06b0 10201BE5 		ldr	r2, [fp, #-16]
 2676 06b4 19305BE5 		ldrb	r3, [fp, #-25]	@ zero_extendqisi2
 2677 06b8 0200A0E1 		mov	r0, r2
 2678 06bc 14101BE5 		ldr	r1, [fp, #-20]
 2679 06c0 0320A0E1 		mov	r2, r3
 2680 06c4 FEFFFFEB 		bl	iis_play
 151:../src/iis.c  **** 
 152:../src/iis.c  **** }
 2681              		.loc 1 152 0
 2682 06c8 0CD04BE2 		sub	sp, fp, #12
 2683 06cc 00689DE8 		ldmfd	sp, {fp, sp, lr}
 2684 06d0 1EFF2FE1 		bx	lr
 2685              		.cfi_endproc
 2686              	.LFE9:
 2688              	.Letext0:
DEFINED SYMBOLS
                            *ABS*:00000000 iis.c
C:\Users\DOSTATIC\AppData\Local\Temp\cc4Rucni.s:1917   .bss:00000000 iomode
C:\Users\DOSTATIC\AppData\Local\Temp\cc4Rucni.s:1918   .bss:00000000 $d
C:\Users\DOSTATIC\AppData\Local\Temp\cc4Rucni.s:1920   .text:00000000 $a
C:\Users\DOSTATIC\AppData\Local\Temp\cc4Rucni.s:1923   .text:00000000 iis_init
C:\Users\DOSTATIC\AppData\Local\Temp\cc4Rucni.s:2003   .text:000000bc $d
C:\Users\DOSTATIC\AppData\Local\Temp\cc4Rucni.s:2015   .text:000000d8 isr_bdma0
C:\Users\DOSTATIC\AppData\Local\Temp\cc4Rucni.s:2013   .text:000000d8 $a
C:\Users\DOSTATIC\AppData\Local\Temp\cc4Rucni.s:2053   .text:00000118 $d
C:\Users\DOSTATIC\AppData\Local\Temp\cc4Rucni.s:2058   .text:00000120 $a
C:\Users\DOSTATIC\AppData\Local\Temp\cc4Rucni.s:2061   .text:00000120 iis_putSample
C:\Users\DOSTATIC\AppData\Local\Temp\cc4Rucni.s:2107   .text:0000017c $d
C:\Users\DOSTATIC\AppData\Local\Temp\cc4Rucni.s:2112   .text:00000184 $a
C:\Users\DOSTATIC\AppData\Local\Temp\cc4Rucni.s:2115   .text:00000184 iis_getSample
C:\Users\DOSTATIC\AppData\Local\Temp\cc4Rucni.s:2165   .text:000001f0 $d
C:\Users\DOSTATIC\AppData\Local\Temp\cc4Rucni.s:2170   .text:000001f8 $a
C:\Users\DOSTATIC\AppData\Local\Temp\cc4Rucni.s:2173   .text:000001f8 iis_play
C:\Users\DOSTATIC\AppData\Local\Temp\cc4Rucni.s:2321   .text:00000390 $d
C:\Users\DOSTATIC\AppData\Local\Temp\cc4Rucni.s:2332   .text:000003b0 $a
C:\Users\DOSTATIC\AppData\Local\Temp\cc4Rucni.s:2335   .text:000003b0 iis_rec
C:\Users\DOSTATIC\AppData\Local\Temp\cc4Rucni.s:2457   .text:000004fc $d
C:\Users\DOSTATIC\AppData\Local\Temp\cc4Rucni.s:2467   .text:00000518 $a
C:\Users\DOSTATIC\AppData\Local\Temp\cc4Rucni.s:2470   .text:00000518 iis_pause
C:\Users\DOSTATIC\AppData\Local\Temp\cc4Rucni.s:2512   .text:0000056c $d
C:\Users\DOSTATIC\AppData\Local\Temp\cc4Rucni.s:2516   .text:00000570 $a
C:\Users\DOSTATIC\AppData\Local\Temp\cc4Rucni.s:2519   .text:00000570 iis_continue
C:\Users\DOSTATIC\AppData\Local\Temp\cc4Rucni.s:2547   .text:00000594 $d
C:\Users\DOSTATIC\AppData\Local\Temp\cc4Rucni.s:2551   .text:00000598 $a
C:\Users\DOSTATIC\AppData\Local\Temp\cc4Rucni.s:2554   .text:00000598 iis_status
C:\Users\DOSTATIC\AppData\Local\Temp\cc4Rucni.s:2585   .text:000005c8 $d
C:\Users\DOSTATIC\AppData\Local\Temp\cc4Rucni.s:2589   .text:000005cc $a
C:\Users\DOSTATIC\AppData\Local\Temp\cc4Rucni.s:2592   .text:000005cc iis_playWawFile
                     .debug_frame:00000010 $d

UNDEFINED SYMBOLS
bdma0_init
bdma0_open
bdma0_close
