
lab2.elf:     file format elf32-littlearm

Sections:
Idx Name          Size      VMA       LMA       File off  Algn
  0 .text         00000068  0c100000  0c100000  00008000  2**2
                  CONTENTS, ALLOC, LOAD, READONLY, CODE
  1 .debug_abbrev 0000002b  00000000  00000000  00008068  2**0
                  CONTENTS, READONLY, DEBUGGING
  2 .debug_info   0000003f  00000000  00000000  00008093  2**0
                  CONTENTS, READONLY, DEBUGGING
  3 .debug_line   00000041  00000000  00000000  000080d2  2**0
                  CONTENTS, READONLY, DEBUGGING
  4 .debug_macinfo 000021d3  00000000  00000000  00008113  2**0
                  CONTENTS, READONLY, DEBUGGING
  5 .debug_loc    0000002c  00000000  00000000  0000a2e6  2**0
                  CONTENTS, READONLY, DEBUGGING
  6 .debug_pubnames 0000001b  00000000  00000000  0000a312  2**0
                  CONTENTS, READONLY, DEBUGGING
  7 .debug_aranges 00000020  00000000  00000000  0000a32d  2**0
                  CONTENTS, READONLY, DEBUGGING
  8 .debug_str    0000004c  00000000  00000000  0000a34d  2**0
                  CONTENTS, READONLY, DEBUGGING
  9 .comment      0000002a  00000000  00000000  0000a399  2**0
                  CONTENTS, READONLY
 10 .ARM.attributes 00000032  00000000  00000000  0000a3c3  2**0
                  CONTENTS, READONLY
 11 .debug_frame  00000030  00000000  00000000  0000a3f8  2**2
                  CONTENTS, READONLY, DEBUGGING

Disassembly of section .text:

0c100000 <main>:
#define PCONG (*(volatile unsigned int *)0xD4)//11000000
#define PDATG (*(volatile unsigned int *)0x1d20044)
#define PUPG  (*(volatile unsigned int *)0xD4)
    
void main(void) 
{
 c100000:	e1a0c00d 	mov	ip, sp
 c100004:	e92dd800 	push	{fp, ip, lr, pc}
 c100008:	e24cb004 	sub	fp, ip, #4
    PCONB &= ~( (1<<10) | (1<<9) );  // PB[10] = out, PB[9] = out
 c10000c:	e3a03d1a 	mov	r3, #1664	; 0x680
 c100010:	e3a02d1a 	mov	r2, #1664	; 0x680
 c100014:	e5922000 	ldr	r2, [r2]
 c100018:	e3c22c06 	bic	r2, r2, #1536	; 0x600
 c10001c:	e5832000 	str	r2, [r3]
    PCONG &= ~( (3<<14) | (3<<14) );  // PG[7] = in, PG[6] = in
 c100020:	e3a030d4 	mov	r3, #212	; 0xd4
 c100024:	e3a020d4 	mov	r2, #212	; 0xd4
 c100028:	e5922000 	ldr	r2, [r2]
 c10002c:	e3c22903 	bic	r2, r2, #49152	; 0xc000
 c100030:	e5832000 	str	r2, [r3]
    PUPG  |= (1<<7) | (1<<6);                 // Deshabilita pull-up de PG[7] y PG[6]
 c100034:	e3a030d4 	mov	r3, #212	; 0xd4
 c100038:	e3a020d4 	mov	r2, #212	; 0xd4
 c10003c:	e5922000 	ldr	r2, [r2]
 c100040:	e38220c0 	orr	r2, r2, #192	; 0xc0
 c100044:	e5832000 	str	r2, [r3]

    while( 1 )
        PDATB = PDATG << 3;    // PB[10:9] = PG[7:6]
 c100048:	e59f3010 	ldr	r3, [pc, #16]	; c100060 <main+0x60>
 c10004c:	e59f2010 	ldr	r2, [pc, #16]	; c100064 <main+0x64>
 c100050:	e5922000 	ldr	r2, [r2]
 c100054:	e1a02182 	lsl	r2, r2, #3
 c100058:	e5832000 	str	r2, [r3]
 c10005c:	eafffff9 	b	c100048 <main+0x48>
 c100060:	01d2000c 	.word	0x01d2000c
 c100064:	01d20044 	.word	0x01d20044
